<!DOCTYPE html>
<html>
<head>
<meta http-equiv="Content-Type" content="text/html; charset=utf-8"/>
<meta http-equiv="x-ua-compatible" content="IE=edge"/>
<title>Test results - DataTemplateHibernateTest</title>
<link href="../css/base-style.css" rel="stylesheet" type="text/css"/>
<link href="../css/style.css" rel="stylesheet" type="text/css"/>
<script src="../js/report.js" type="text/javascript"></script>
</head>
<body>
<div id="content">
<h1>DataTemplateHibernateTest</h1>
<div class="breadcrumbs">
<a href="../index.html">all</a> &gt; 
<a href="../packages/ru.otus.core.repository.html">ru.otus.core.repository</a> &gt; DataTemplateHibernateTest</div>
<div id="summary">
<table>
<tr>
<td>
<div class="summaryGroup">
<table>
<tr>
<td>
<div class="infoBox" id="tests">
<div class="counter">1</div>
<p>tests</p>
</div>
</td>
<td>
<div class="infoBox" id="failures">
<div class="counter">1</div>
<p>failures</p>
</div>
</td>
<td>
<div class="infoBox" id="ignored">
<div class="counter">0</div>
<p>ignored</p>
</div>
</td>
<td>
<div class="infoBox" id="duration">
<div class="counter">1.466s</div>
<p>duration</p>
</div>
</td>
</tr>
</table>
</div>
</td>
<td>
<div class="infoBox failures" id="successRate">
<div class="percent">0%</div>
<p>successful</p>
</div>
</td>
</tr>
</table>
</div>
<div id="tabs">
<ul class="tabLinks">
<li>
<a href="#tab0">Failed tests</a>
</li>
<li>
<a href="#tab1">Tests</a>
</li>
<li>
<a href="#tab2">Standard output</a>
</li>
</ul>
<div id="tab0" class="tab">
<h2>Failed tests</h2>
<div class="test">
<a name="shouldSaveAndFindCorrectClientById()"></a>
<h3 class="failures">корректно сохраняет, изменяет и загружает клиента по заданному id</h3>
<span class="code">
<pre>org.hibernate.AnnotationException: @OneToOne or @ManyToOne on ru.otus.crm.model.Client.address references an unknown entity: ru.otus.crm.model.Address
	at app//org.hibernate.cfg.ToOneFkSecondPass.doSecondPass(ToOneFkSecondPass.java:100)
	at app//org.hibernate.boot.internal.InFlightMetadataCollectorImpl.processEndOfQueue(InFlightMetadataCollectorImpl.java:1750)
	at app//org.hibernate.boot.internal.InFlightMetadataCollectorImpl.processFkSecondPassesInOrder(InFlightMetadataCollectorImpl.java:1694)
	at app//org.hibernate.boot.internal.InFlightMetadataCollectorImpl.processSecondPasses(InFlightMetadataCollectorImpl.java:1623)
	at app//org.hibernate.boot.model.process.spi.MetadataBuildingProcess.complete(MetadataBuildingProcess.java:295)
	at app//org.hibernate.boot.model.process.spi.MetadataBuildingProcess.build(MetadataBuildingProcess.java:86)
	at app//org.hibernate.boot.internal.MetadataBuilderImpl.build(MetadataBuilderImpl.java:479)
	at app//org.hibernate.boot.internal.MetadataBuilderImpl.build(MetadataBuilderImpl.java:85)
	at app//ru.otus.core.repository.HibernateUtils.buildSessionFactory(HibernateUtils.java:21)
	at app//ru.otus.base.AbstractHibernateTest.setUp(AbstractHibernateTest.java:54)
	at java.base@17.0.7/jdk.internal.reflect.NativeMethodAccessorImpl.invoke0(Native Method)
	at java.base@17.0.7/jdk.internal.reflect.NativeMethodAccessorImpl.invoke(NativeMethodAccessorImpl.java:77)
	at java.base@17.0.7/jdk.internal.reflect.DelegatingMethodAccessorImpl.invoke(DelegatingMethodAccessorImpl.java:43)
	at java.base@17.0.7/java.lang.reflect.Method.invoke(Method.java:568)
	at app//org.junit.platform.commons.util.ReflectionUtils.invokeMethod(ReflectionUtils.java:727)
	at app//org.junit.jupiter.engine.execution.MethodInvocation.proceed(MethodInvocation.java:60)
	at app//org.junit.jupiter.engine.execution.InvocationInterceptorChain$ValidatingInvocation.proceed(InvocationInterceptorChain.java:131)
	at app//org.junit.jupiter.engine.extension.TimeoutExtension.intercept(TimeoutExtension.java:156)
	at app//org.junit.jupiter.engine.extension.TimeoutExtension.interceptLifecycleMethod(TimeoutExtension.java:128)
	at app//org.junit.jupiter.engine.extension.TimeoutExtension.interceptBeforeEachMethod(TimeoutExtension.java:78)
	at app//org.junit.jupiter.engine.execution.InterceptingExecutableInvoker$ReflectiveInterceptorCall.lambda$ofVoidMethod$0(InterceptingExecutableInvoker.java:103)
	at app//org.junit.jupiter.engine.execution.InterceptingExecutableInvoker.lambda$invoke$0(InterceptingExecutableInvoker.java:93)
	at app//org.junit.jupiter.engine.execution.InvocationInterceptorChain$InterceptedInvocation.proceed(InvocationInterceptorChain.java:106)
	at app//org.junit.jupiter.engine.execution.InvocationInterceptorChain.proceed(InvocationInterceptorChain.java:64)
	at app//org.junit.jupiter.engine.execution.InvocationInterceptorChain.chainAndInvoke(InvocationInterceptorChain.java:45)
	at app//org.junit.jupiter.engine.execution.InvocationInterceptorChain.invoke(InvocationInterceptorChain.java:37)
	at app//org.junit.jupiter.engine.execution.InterceptingExecutableInvoker.invoke(InterceptingExecutableInvoker.java:92)
	at app//org.junit.jupiter.engine.execution.InterceptingExecutableInvoker.invoke(InterceptingExecutableInvoker.java:86)
	at app//org.junit.jupiter.engine.descriptor.ClassBasedTestDescriptor.invokeMethodInExtensionContext(ClassBasedTestDescriptor.java:520)
	at app//org.junit.jupiter.engine.descriptor.ClassBasedTestDescriptor.lambda$synthesizeBeforeEachMethodAdapter$23(ClassBasedTestDescriptor.java:505)
	at app//org.junit.jupiter.engine.descriptor.TestMethodTestDescriptor.lambda$invokeBeforeEachMethods$3(TestMethodTestDescriptor.java:174)
	at app//org.junit.jupiter.engine.descriptor.TestMethodTestDescriptor.lambda$invokeBeforeMethodsOrCallbacksUntilExceptionOccurs$6(TestMethodTestDescriptor.java:202)
	at app//org.junit.platform.engine.support.hierarchical.ThrowableCollector.execute(ThrowableCollector.java:73)
	at app//org.junit.jupiter.engine.descriptor.TestMethodTestDescriptor.invokeBeforeMethodsOrCallbacksUntilExceptionOccurs(TestMethodTestDescriptor.java:202)
	at app//org.junit.jupiter.engine.descriptor.TestMethodTestDescriptor.invokeBeforeEachMethods(TestMethodTestDescriptor.java:171)
	at app//org.junit.jupiter.engine.descriptor.TestMethodTestDescriptor.execute(TestMethodTestDescriptor.java:134)
	at app//org.junit.jupiter.engine.descriptor.TestMethodTestDescriptor.execute(TestMethodTestDescriptor.java:68)
	at app//org.junit.platform.engine.support.hierarchical.NodeTestTask.lambda$executeRecursively$6(NodeTestTask.java:151)
	at app//org.junit.platform.engine.support.hierarchical.ThrowableCollector.execute(ThrowableCollector.java:73)
	at app//org.junit.platform.engine.support.hierarchical.NodeTestTask.lambda$executeRecursively$8(NodeTestTask.java:141)
	at app//org.junit.platform.engine.support.hierarchical.Node.around(Node.java:137)
	at app//org.junit.platform.engine.support.hierarchical.NodeTestTask.lambda$executeRecursively$9(NodeTestTask.java:139)
	at app//org.junit.platform.engine.support.hierarchical.ThrowableCollector.execute(ThrowableCollector.java:73)
	at app//org.junit.platform.engine.support.hierarchical.NodeTestTask.executeRecursively(NodeTestTask.java:138)
	at app//org.junit.platform.engine.support.hierarchical.NodeTestTask.execute(NodeTestTask.java:95)
	at java.base@17.0.7/java.util.ArrayList.forEach(ArrayList.java:1511)
	at app//org.junit.platform.engine.support.hierarchical.SameThreadHierarchicalTestExecutorService.invokeAll(SameThreadHierarchicalTestExecutorService.java:41)
	at app//org.junit.platform.engine.support.hierarchical.NodeTestTask.lambda$executeRecursively$6(NodeTestTask.java:155)
	at app//org.junit.platform.engine.support.hierarchical.ThrowableCollector.execute(ThrowableCollector.java:73)
	at app//org.junit.platform.engine.support.hierarchical.NodeTestTask.lambda$executeRecursively$8(NodeTestTask.java:141)
	at app//org.junit.platform.engine.support.hierarchical.Node.around(Node.java:137)
	at app//org.junit.platform.engine.support.hierarchical.NodeTestTask.lambda$executeRecursively$9(NodeTestTask.java:139)
	at app//org.junit.platform.engine.support.hierarchical.ThrowableCollector.execute(ThrowableCollector.java:73)
	at app//org.junit.platform.engine.support.hierarchical.NodeTestTask.executeRecursively(NodeTestTask.java:138)
	at app//org.junit.platform.engine.support.hierarchical.NodeTestTask.execute(NodeTestTask.java:95)
	at java.base@17.0.7/java.util.ArrayList.forEach(ArrayList.java:1511)
	at app//org.junit.platform.engine.support.hierarchical.SameThreadHierarchicalTestExecutorService.invokeAll(SameThreadHierarchicalTestExecutorService.java:41)
	at app//org.junit.platform.engine.support.hierarchical.NodeTestTask.lambda$executeRecursively$6(NodeTestTask.java:155)
	at app//org.junit.platform.engine.support.hierarchical.ThrowableCollector.execute(ThrowableCollector.java:73)
	at app//org.junit.platform.engine.support.hierarchical.NodeTestTask.lambda$executeRecursively$8(NodeTestTask.java:141)
	at app//org.junit.platform.engine.support.hierarchical.Node.around(Node.java:137)
	at app//org.junit.platform.engine.support.hierarchical.NodeTestTask.lambda$executeRecursively$9(NodeTestTask.java:139)
	at app//org.junit.platform.engine.support.hierarchical.ThrowableCollector.execute(ThrowableCollector.java:73)
	at app//org.junit.platform.engine.support.hierarchical.NodeTestTask.executeRecursively(NodeTestTask.java:138)
	at app//org.junit.platform.engine.support.hierarchical.NodeTestTask.execute(NodeTestTask.java:95)
	at app//org.junit.platform.engine.support.hierarchical.SameThreadHierarchicalTestExecutorService.submit(SameThreadHierarchicalTestExecutorService.java:35)
	at app//org.junit.platform.engine.support.hierarchical.HierarchicalTestExecutor.execute(HierarchicalTestExecutor.java:57)
	at app//org.junit.platform.engine.support.hierarchical.HierarchicalTestEngine.execute(HierarchicalTestEngine.java:54)
	at app//org.junit.platform.launcher.core.EngineExecutionOrchestrator.execute(EngineExecutionOrchestrator.java:107)
	at app//org.junit.platform.launcher.core.EngineExecutionOrchestrator.execute(EngineExecutionOrchestrator.java:88)
	at app//org.junit.platform.launcher.core.EngineExecutionOrchestrator.lambda$execute$0(EngineExecutionOrchestrator.java:54)
	at app//org.junit.platform.launcher.core.EngineExecutionOrchestrator.withInterceptedStreams(EngineExecutionOrchestrator.java:67)
	at app//org.junit.platform.launcher.core.EngineExecutionOrchestrator.execute(EngineExecutionOrchestrator.java:52)
	at app//org.junit.platform.launcher.core.DefaultLauncher.execute(DefaultLauncher.java:114)
	at app//org.junit.platform.launcher.core.DefaultLauncher.execute(DefaultLauncher.java:86)
	at app//org.junit.platform.launcher.core.DefaultLauncherSession$DelegatingLauncher.execute(DefaultLauncherSession.java:86)
	at org.gradle.api.internal.tasks.testing.junitplatform.JUnitPlatformTestClassProcessor$CollectAllTestClassesExecutor.processAllTestClasses(JUnitPlatformTestClassProcessor.java:110)
	at org.gradle.api.internal.tasks.testing.junitplatform.JUnitPlatformTestClassProcessor$CollectAllTestClassesExecutor.access$000(JUnitPlatformTestClassProcessor.java:90)
	at org.gradle.api.internal.tasks.testing.junitplatform.JUnitPlatformTestClassProcessor.stop(JUnitPlatformTestClassProcessor.java:85)
	at org.gradle.api.internal.tasks.testing.SuiteTestClassProcessor.stop(SuiteTestClassProcessor.java:62)
	at java.base@17.0.7/jdk.internal.reflect.NativeMethodAccessorImpl.invoke0(Native Method)
	at java.base@17.0.7/jdk.internal.reflect.NativeMethodAccessorImpl.invoke(NativeMethodAccessorImpl.java:77)
	at java.base@17.0.7/jdk.internal.reflect.DelegatingMethodAccessorImpl.invoke(DelegatingMethodAccessorImpl.java:43)
	at java.base@17.0.7/java.lang.reflect.Method.invoke(Method.java:568)
	at org.gradle.internal.dispatch.ReflectionDispatch.dispatch(ReflectionDispatch.java:36)
	at org.gradle.internal.dispatch.ReflectionDispatch.dispatch(ReflectionDispatch.java:24)
	at org.gradle.internal.dispatch.ContextClassLoaderDispatch.dispatch(ContextClassLoaderDispatch.java:33)
	at org.gradle.internal.dispatch.ProxyDispatchAdapter$DispatchingInvocationHandler.invoke(ProxyDispatchAdapter.java:94)
	at jdk.proxy1/jdk.proxy1.$Proxy2.stop(Unknown Source)
	at org.gradle.api.internal.tasks.testing.worker.TestWorker$3.run(TestWorker.java:193)
	at org.gradle.api.internal.tasks.testing.worker.TestWorker.executeAndMaintainThreadName(TestWorker.java:129)
	at org.gradle.api.internal.tasks.testing.worker.TestWorker.execute(TestWorker.java:100)
	at org.gradle.api.internal.tasks.testing.worker.TestWorker.execute(TestWorker.java:60)
	at org.gradle.process.internal.worker.child.ActionExecutionWorker.execute(ActionExecutionWorker.java:56)
	at org.gradle.process.internal.worker.child.SystemApplicationClassLoaderWorker.call(SystemApplicationClassLoaderWorker.java:113)
	at org.gradle.process.internal.worker.child.SystemApplicationClassLoaderWorker.call(SystemApplicationClassLoaderWorker.java:65)
	at app//worker.org.gradle.process.internal.worker.GradleWorkerMain.run(GradleWorkerMain.java:69)
	at app//worker.org.gradle.process.internal.worker.GradleWorkerMain.main(GradleWorkerMain.java:74)
</pre>
</span>
</div>
</div>
<div id="tab1" class="tab">
<h2>Tests</h2>
<table>
<thead>
<tr>
<th>Test</th>
<th>Method name</th>
<th>Duration</th>
<th>Result</th>
</tr>
</thead>
<tr>
<td class="failures">корректно сохраняет, изменяет и загружает клиента по заданному id</td>
<td class="failures">shouldSaveAndFindCorrectClientById()</td>
<td class="failures">1.466s</td>
<td class="failures">failed</td>
</tr>
</table>
</div>
<div id="tab2" class="tab">
<h2>Standard output</h2>
<span class="code">
<pre>2023-08-18_20:10:18.373 WARN  o.t.u.TestcontainersConfiguration - Attempted to read Testcontainers configuration file at file:/C:/Users/rvvbc/.testcontainers.properties but the file was not found. Exception message: FileNotFoundException: C:\Users\rvvbc\.testcontainers.properties (Не удается найти указанный файл)
2023-08-18_20:10:18.387 INFO  o.t.utility.ImageNameSubstitutor - Image name substitution will be performed by: DefaultImageNameSubstitutor (composite of 'ConfigurationFileImageNameSubstitutor' and 'PrefixingImageNameSubstitutor')
2023-08-18_20:10:19.019 INFO  o.t.d.DockerClientProviderStrategy - Found Docker environment with local Npipe socket (npipe:////./pipe/docker_engine)
2023-08-18_20:10:19.031 INFO  o.testcontainers.DockerClientFactory - Docker host IP address is localhost
2023-08-18_20:10:19.066 INFO  o.testcontainers.DockerClientFactory - Connected to docker: 
  Server Version: 20.10.24
  API Version: 1.41
  Operating System: Docker Desktop
  Total Memory: 15913 MB
2023-08-18_20:10:19.117 INFO  docker[testcontainers/ryuk:0.3.4] - Pulling docker image: testcontainers/ryuk:0.3.4. Please be patient; this may take some time but only needs to be done once.
2023-08-18_20:10:19.767 INFO  o.t.utility.RegistryAuthLocator - Credential helper/store (docker-credential-desktop) does not have credentials for https://index.docker.io/v1/
2023-08-18_20:10:21.883 INFO  docker[testcontainers/ryuk:0.3.4] - Starting to pull image
2023-08-18_20:10:21.917 INFO  docker[testcontainers/ryuk:0.3.4] - Pulling image layers:  0 pending,  0 downloaded,  0 extracted, (0 bytes/0 bytes)
2023-08-18_20:10:23.173 INFO  docker[testcontainers/ryuk:0.3.4] - Pulling image layers:  2 pending,  1 downloaded,  0 extracted, (858 KB/? MB)
2023-08-18_20:10:23.279 INFO  docker[testcontainers/ryuk:0.3.4] - Pulling image layers:  1 pending,  2 downloaded,  0 extracted, (2 MB/? MB)
2023-08-18_20:10:23.870 INFO  docker[testcontainers/ryuk:0.3.4] - Pulling image layers:  0 pending,  3 downloaded,  0 extracted, (4 MB/5 MB)
2023-08-18_20:10:24.161 INFO  docker[testcontainers/ryuk:0.3.4] - Pulling image layers:  0 pending,  3 downloaded,  1 extracted, (4 MB/5 MB)
2023-08-18_20:10:24.326 INFO  docker[testcontainers/ryuk:0.3.4] - Pulling image layers:  0 pending,  3 downloaded,  2 extracted, (4 MB/5 MB)
2023-08-18_20:10:24.496 INFO  docker[testcontainers/ryuk:0.3.4] - Pulling image layers:  0 pending,  3 downloaded,  3 extracted, (5 MB/5 MB)
2023-08-18_20:10:24.538 INFO  docker[testcontainers/ryuk:0.3.4] - Pull complete. 3 layers, pulled in 2s (downloaded 5 MB at 2 MB/s)
2023-08-18_20:10:24.593 INFO  docker[testcontainers/ryuk:0.3.4] - Creating container for image: testcontainers/ryuk:0.3.4
2023-08-18_20:10:24.782 INFO  docker[testcontainers/ryuk:0.3.4] - Container testcontainers/ryuk:0.3.4 is starting: 59fdb76bf200a70d53fefc3d0c6220ab17ed0fc3bd5039b9ddbded61a4c413b6
2023-08-18_20:10:25.470 INFO  docker[testcontainers/ryuk:0.3.4] - Container testcontainers/ryuk:0.3.4 started in PT6.3904819S
2023-08-18_20:10:25.477 INFO  o.t.utility.RyukResourceReaper - Ryuk started - will monitor and terminate Testcontainers containers on JVM exit
2023-08-18_20:10:25.478 INFO  o.testcontainers.DockerClientFactory - Checking the system...
2023-08-18_20:10:25.478 INFO  o.testcontainers.DockerClientFactory - ?? Docker server version should be at least 1.6.0
2023-08-18_20:10:25.484 INFO  docker[postgres:12] - Pulling docker image: postgres:12. Please be patient; this may take some time but only needs to be done once.
2023-08-18_20:10:27.447 INFO  docker[postgres:12] - Starting to pull image
2023-08-18_20:10:27.450 INFO  docker[postgres:12] - Pulling image layers:  0 pending,  0 downloaded,  0 extracted, (0 bytes/0 bytes)
2023-08-18_20:10:29.216 INFO  docker[postgres:12] - Pulling image layers: 12 pending,  1 downloaded,  0 extracted, (4 MB/? MB)
2023-08-18_20:10:29.522 INFO  docker[postgres:12] - Pulling image layers: 11 pending,  2 downloaded,  0 extracted, (6 MB/? MB)
2023-08-18_20:10:30.445 INFO  docker[postgres:12] - Pulling image layers: 10 pending,  3 downloaded,  0 extracted, (16 MB/? MB)
2023-08-18_20:10:32.040 INFO  docker[postgres:12] - Pulling image layers:  9 pending,  4 downloaded,  0 extracted, (32 MB/? MB)
2023-08-18_20:10:32.371 INFO  docker[postgres:12] - Pulling image layers:  8 pending,  5 downloaded,  0 extracted, (35 MB/? MB)
2023-08-18_20:10:32.630 INFO  docker[postgres:12] - Pulling image layers:  7 pending,  6 downloaded,  0 extracted, (36 MB/? MB)
2023-08-18_20:10:32.982 INFO  docker[postgres:12] - Pulling image layers:  6 pending,  7 downloaded,  0 extracted, (37 MB/? MB)
2023-08-18_20:10:33.170 INFO  docker[postgres:12] - Pulling image layers:  5 pending,  8 downloaded,  0 extracted, (39 MB/? MB)
2023-08-18_20:10:33.644 INFO  docker[postgres:12] - Pulling image layers:  5 pending,  8 downloaded,  1 extracted, (44 MB/? MB)
2023-08-18_20:10:33.668 INFO  docker[postgres:12] - Pulling image layers:  4 pending,  9 downloaded,  1 extracted, (44 MB/? MB)
2023-08-18_20:10:33.716 INFO  docker[postgres:12] - Pulling image layers:  4 pending,  9 downloaded,  2 extracted, (44 MB/? MB)
2023-08-18_20:10:33.820 INFO  docker[postgres:12] - Pulling image layers:  3 pending, 10 downloaded,  2 extracted, (46 MB/? MB)
2023-08-18_20:10:33.906 INFO  docker[postgres:12] - Pulling image layers:  3 pending, 10 downloaded,  3 extracted, (48 MB/? MB)
2023-08-18_20:10:34.016 INFO  docker[postgres:12] - Pulling image layers:  3 pending, 10 downloaded,  4 extracted, (49 MB/? MB)
2023-08-18_20:10:34.278 INFO  docker[postgres:12] - Pulling image layers:  2 pending, 11 downloaded,  4 extracted, (52 MB/? MB)
2023-08-18_20:10:34.421 INFO  docker[postgres:12] - Pulling image layers:  2 pending, 11 downloaded,  5 extracted, (54 MB/? MB)
2023-08-18_20:10:34.549 INFO  docker[postgres:12] - Pulling image layers:  2 pending, 11 downloaded,  6 extracted, (55 MB/? MB)
2023-08-18_20:10:34.624 INFO  docker[postgres:12] - Pulling image layers:  2 pending, 11 downloaded,  7 extracted, (55 MB/? MB)
2023-08-18_20:10:34.671 INFO  docker[postgres:12] - Pulling image layers:  1 pending, 12 downloaded,  7 extracted, (56 MB/? MB)
2023-08-18_20:10:34.704 INFO  docker[postgres:12] - Pulling image layers:  1 pending, 12 downloaded,  8 extracted, (56 MB/? MB)
2023-08-18_20:10:43.206 INFO  docker[postgres:12] - Pulling image layers:  0 pending, 13 downloaded,  8 extracted, (138 MB/139 MB)
2023-08-18_20:10:46.730 INFO  docker[postgres:12] - Pulling image layers:  0 pending, 13 downloaded,  9 extracted, (139 MB/139 MB)
2023-08-18_20:10:46.819 INFO  docker[postgres:12] - Pulling image layers:  0 pending, 13 downloaded, 10 extracted, (139 MB/139 MB)
2023-08-18_20:10:46.903 INFO  docker[postgres:12] - Pulling image layers:  0 pending, 13 downloaded, 11 extracted, (139 MB/139 MB)
2023-08-18_20:10:46.993 INFO  docker[postgres:12] - Pulling image layers:  0 pending, 13 downloaded, 12 extracted, (139 MB/139 MB)
2023-08-18_20:10:47.092 INFO  docker[postgres:12] - Pulling image layers:  0 pending, 13 downloaded, 13 extracted, (139 MB/139 MB)
2023-08-18_20:10:47.125 INFO  docker[postgres:12] - Pull complete. 13 layers, pulled in 19s (downloaded 139 MB at 7 MB/s)
2023-08-18_20:10:47.134 INFO  docker[postgres:12] - Creating container for image: postgres:12
2023-08-18_20:10:47.547 INFO  docker[postgres:12] - Container postgres:12 is starting: c409f3d86cf540be1cf57c442d6510d94bef129787e2e2de695356f8968db802
2023-08-18_20:10:49.740 INFO  docker[postgres:12] - Container postgres:12 started in PT24.2606623S
2023-08-18_20:10:49.743 INFO  ru.otus.base.TestContainersConfig - postgres in docker started: url=jdbc:postgresql://localhost:51652/test?loggerLevel=OFF&amp;stringtype=unspecified
2023-08-18_20:10:49.822 INFO  r.o.c.d.MigrationsExecutorFlyway - db migration started...
2023-08-18_20:10:49.831 INFO  o.f.c.i.license.VersionPrinter - Flyway Community Edition 9.16.0 by Redgate
2023-08-18_20:10:49.832 INFO  o.f.c.i.license.VersionPrinter - See release notes here: https://rd.gt/416ObMi
2023-08-18_20:10:49.832 INFO  o.f.c.i.license.VersionPrinter - 
2023-08-18_20:10:50.009 INFO  o.f.c.i.d.base.BaseDatabaseType - Database: jdbc:postgresql://localhost:51652/test (PostgreSQL 12.16)
2023-08-18_20:10:50.079 INFO  o.f.core.internal.command.DbValidate - Successfully validated 1 migration (execution time 00:00.032s)
2023-08-18_20:10:50.111 INFO  o.f.c.i.s.JdbcTableSchemaHistory - Creating Schema History table &quot;public&quot;.&quot;flyway_schema_history&quot; ...
2023-08-18_20:10:50.171 INFO  o.f.core.internal.command.DbMigrate - Current version of schema &quot;public&quot;: &lt;&lt; Empty Schema &gt;&gt;
2023-08-18_20:10:50.183 INFO  o.f.core.internal.command.DbMigrate - Migrating schema &quot;public&quot; to version &quot;1 - initial schema&quot;
2023-08-18_20:10:50.225 INFO  o.f.core.internal.command.DbMigrate - Successfully applied 1 migration to schema &quot;public&quot;, now at version v1 (execution time 00:00.069s)
2023-08-18_20:10:50.235 INFO  r.o.c.d.MigrationsExecutorFlyway - db migration finished.
</pre>
</span>
</div>
</div>
<div id="footer">
<p>
<div>
<label class="hidden" id="label-for-line-wrapping-toggle" for="line-wrapping-toggle">Wrap lines
<input id="line-wrapping-toggle" type="checkbox" autocomplete="off"/>
</label>
</div>Generated by 
<a href="http://www.gradle.org">Gradle 8.0</a> at 18 авг. 2023 г., 20:10:52</p>
</div>
</div>
</body>
</html>
